autoscan: warning: missing AC_CHECK_FUNCS([alarm]) wanted by: 
	testapp.c:2408
	timedrun.c:67
	timedrun.c:108
autoscan: warning: missing AC_CHECK_FUNCS([bzero]) wanted by: 
	tls.c:127
autoscan: warning: missing AC_CHECK_FUNCS([dup2]) wanted by: 
	testapp.c:798
	testapp.c:807
	daemon.c:68
	daemon.c:72
	daemon.c:76
autoscan: warning: missing AC_CHECK_FUNCS([ftruncate]) wanted by: 
	restart.c:308
	extstore.c:276
autoscan: warning: missing AC_CHECK_FUNCS([gethostname]) wanted by: 
	sasl_defs.c:208
autoscan: warning: missing AC_CHECK_FUNCS([gettimeofday]) wanted by: 
	restart.c:360
	restart.c:438
	logger.c:724
	memcached.c:367
	memcached.c:2416
	memcached.c:2427
	memcached.c:3753
	memcached.c:4249
	memcached.c:4454
autoscan: warning: missing AC_CHECK_FUNCS([memchr]) wanted by: 
	proto_text.c:264
	proto_text.c:368
autoscan: warning: missing AC_CHECK_FUNCS([memmove]) wanted by: 
	memcached.c:2293
	memcached.c:2322
	memcached.c:2797
	memcached.c:3076
autoscan: warning: missing AC_CHECK_FUNCS([memset]) wanted by: 
	storage.c:264
	testapp.c:197
	testapp.c:932
	testapp.c:968
	testapp.c:1136
	testapp.c:1168
	testapp.c:1208
	testapp.c:1235
	testapp.c:1263
	slabs.c:332
	slabs.c:394
	slabs.c:480
	slabs.c:1234
	slabs.c:1239
	crawler.c:150
	crawler.c:725
	thread.c:875
	thread.c:877
	thread.c:889
	thread.c:924
	stats_prefix.c:18
	slab_automove_extstore.c:114
	slab_automove_extstore.c:177
	slab_automove_extstore.c:193
	slab_automove_extstore.c:196
	sasl_defs.c:207
	timedrun.c:25
	slab_automove.c:100
	slab_automove.c:102
	items.c:75
	items.c:723
	items.c:784
	items.c:1506
	logger.c:526
	memcached.c:198
	memcached.c:199
	memcached.c:212
	memcached.c:671
	memcached.c:713
	memcached.c:1104
	memcached.c:1109
	memcached.c:2188
	memcached.c:2572
	memcached.c:2684
	memcached.c:3666
	extstore.c:506
	extstore.c:925
autoscan: warning: missing AC_CHECK_FUNCS([munmap]) wanted by: 
	restart.c:342
autoscan: warning: missing AC_CHECK_FUNCS([putenv]) wanted by: 
	testapp.c:576
	testapp.c:578
	testapp.c:579
autoscan: warning: missing AC_CHECK_FUNCS([socket]) wanted by: 
	testapp.c:728
	memcached.c:3300
	memcached.c:3620
	proto_text.c:2056
autoscan: warning: missing AC_CHECK_FUNCS([strchr]) wanted by: 
	util.c:64
	util.c:94
	util.c:139
	memcached.c:3574
	memcached.c:3585
	memcached.c:3591
	memcached.c:5455
autoscan: warning: missing AC_CHECK_FUNCS([strdup]) wanted by: 
	storage.c:1031
	cache.c:23
	restart.c:302
	memcached.c:3546
	memcached.c:4828
	memcached.c:4859
	memcached.c:4923
	memcached.c:4957
	memcached.c:4967
	memcached.c:4974
	memcached.c:5171
	memcached.c:5215
	memcached.c:5222
	memcached.c:5272
	memcached.c:5279
	memcached.c:5421
autoscan: warning: missing AC_CHECK_FUNCS([strerror]) wanted by: 
	storage.c:676
	storage.c:1010
	assoc.c:319
	testapp.c:638
	testapp.c:666
	testapp.c:721
	testapp.c:732
	testapp.c:739
	testapp.c:745
	testapp.c:756
	testapp.c:763
	testapp.c:773
	testapp.c:823
	testapp.c:843
	testapp.c:865
	testapp.c:1050
	testapp.c:1071
	testapp.c:2194
	openbsd_priv.c:19
	openbsd_priv.c:24
	slabs.c:1410
	crawler.c:541
	crawler.c:568
	freebsd_priv.c:17
	freebsd_priv.c:22
	freebsd_priv.c:27
	freebsd_priv.c:32
	freebsd_priv.c:37
	freebsd_priv.c:42
	thread.c:371
	items.c:1740
	items.c:1756
	logger.c:564
	memcached.c:388
	memcached.c:2947
	memcached.c:3138
	memcached.c:4102
	memcached.c:4109
	memcached.c:5578
	memcached.c:5612
	memcached.c:5642
	memcached.c:5647
	memcached.c:5831
autoscan: warning: missing AC_CHECK_FUNCS([strstr]) wanted by: 
	testapp.c:405
	testapp.c:406
	testapp.c:407
	testapp.c:423
	testapp.c:424
	testapp.c:425
	testapp.c:427
	memcached.c:4815
autoscan: warning: missing AC_CHECK_FUNCS([strtol]) wanted by: 
	util.c:155
	memcached.c:4763
	proto_text.c:2606
autoscan: warning: missing AC_CHECK_FUNCS([strtoul]) wanted by: 
	util.c:129
autoscan: warning: missing AC_CHECK_FUNCS([strtoull]) wanted by: 
	proto_bin.c:298
	util.c:54
	util.c:84
autoscan: warning: missing AC_CHECK_HEADERS([arpa/inet.h]) wanted by: 
	testapp.c:8
	memcached.c:39
autoscan: warning: missing AC_CHECK_HEADERS([fcntl.h]) wanted by: 
	assoc.c:19
	testapp.c:19
	slabs.c:16
	fault_inject.c:6
	daemon.c:37
	crawler.c:13
	restart.c:10
	items.c:12
	memcached.c:37
	extstore.c:13
autoscan: warning: missing AC_CHECK_HEADERS([limits.h]) wanted by: 
	storage.c:11
	memcached.h:30
	extstore.c:8
autoscan: warning: missing AC_CHECK_HEADERS([netdb.h]) wanted by: 
	testapp.c:7
	memcached.h:20
autoscan: warning: missing AC_CHECK_HEADERS([netinet/in.h]) wanted by: 
	assoc.c:20
	testapp.c:9
	testapp.c:18
	slabs.c:17
	fault_inject.c:7
	memcached.h:18
	crawler.c:14
	items.c:13
autoscan: warning: missing AC_CHECK_HEADERS([stddef.h]) wanted by: 
	storage.c:9
	murmur3_hash.h:11
	memcached.c:47
autoscan: warning: missing AC_CHECK_HEADERS([sys/ioctl.h]) wanted by: 
	linux_priv.c:6
autoscan: warning: missing AC_CHECK_HEADERS([sys/param.h]) wanted by: 
	memcached.c:24
	tls.c:8
autoscan: warning: missing AC_CHECK_HEADERS([sys/socket.h]) wanted by: 
	assoc.c:16
	testapp.c:5
	slabs.c:14
	fault_inject.c:3
	memcached.h:16
	crawler.c:11
	items.c:10
	memcached.c:21
autoscan: warning: missing AC_CHECK_HEADERS([sys/time.h]) wanted by: 
	memcached.h:17
autoscan: warning: missing AC_CHECK_HEADERS([termios.h]) wanted by: 
	linux_priv.c:3
autoscan: warning: missing AC_C_INLINE wanted by: 
	memcached.h:594
	murmur3_hash.c:33
	cache.c:54
	restart.c:40
	itoa_ljust.c:73
	itoa_ljust.c:78
	itoa_ljust.c:83
	itoa_ljust.c:92
	crc32c.c:61
	crc32c.c:74
	crc32c.c:133
	crc32c.c:279
	crc32c.c:286
	crc32c.c:411
	memcached.c:1921
	extstore.c:711
	proto_text.c:420
	proto_text.c:439
	proto_text.c:465
	proto_text.c:643
autoscan: warning: missing AC_FUNC_FORK wanted by: 
	testapp.c:567
	testapp.c:2262
	daemon.c:48
	timedrun.c:76
autoscan: warning: missing AC_FUNC_LSTAT_FOLLOWS_SLASHED_SYMLINK wanted by: 
	memcached.c:3653
autoscan: warning: missing AC_FUNC_MALLOC wanted by: 
	storage.c:284
	storage.c:898
	testapp.c:2059
	testapp.c:2185
	slabs.c:246
	slabs.c:699
	soft_ecc.c:11
	soft_ecc.c:32
	bipbuffer.c:51
	thread.c:323
	thread.c:415
	thread.c:451
	bch.c:563
	stats_prefix.c:69
	stats_prefix.c:143
	linux_priv.c:51
	cache.c:92
	items.c:658
	memcached.c:444
	memcached.c:634
	memcached.c:4519
	memcached.c:4819
	memcached.c:5823
	tls.c:105
	tls.c:121
autoscan: warning: missing AC_FUNC_MMAP wanted by: 
	slabs.c:240
	restart.c:319
autoscan: warning: missing AC_FUNC_REALLOC wanted by: 
	slabs.c:426
	cache.c:157
	memcached.c:1297
	memcached.c:2333
autoscan: warning: missing AC_FUNC_STRTOD wanted by: 
	util.c:172
autoscan: warning: missing AC_TYPE_INT32_T wanted by: 
	testapp.c:509
	testapp.c:646
	testapp.c:676
	itoa_ljust.h:24
	util.h:20
	util.c:150
	itoa_ljust.c:119
	memcached.c:4334
	proto_text.c:470
	proto_text.c:819
	proto_text.c:829
	proto_text.c:1794
	proto_text.c:1814
	proto_text.c:1889
	proto_text.c:2191
	proto_text.c:2302
	proto_text.c:2381
	proto_text.c:2382
	proto_text.c:2543
	proto_text.c:2544
	proto_text.c:2556
	proto_text.c:2557
	proto_text.c:2585
	proto_text.c:2613
autoscan: warning: missing AC_TYPE_INT64_T wanted by: 
	testapp.c:480
	slabs.c:368
	itoa_ljust.h:26
	memcached.h:853
	memcached.h:893
	util.h:18
	items.h:68
	items.h:69
	util.c:104
	util.c:244
	thread.c:695
	thread.c:828
	itoa_ljust.c:142
	memcached.c:2116
	memcached.c:3709
	memcached.c:4204
	memcached.c:4336
autoscan: warning: missing AC_TYPE_INT8_T wanted by: 
	murmur3_hash.c:33
autoscan: warning: missing AC_TYPE_MODE_T wanted by: 
	restart.c:233
autoscan: warning: missing AC_TYPE_OFF_T wanted by: 
	testapp.c:835
	testapp.c:859
	testapp.c:1023
	testapp.c:1066
	testapp.c:1123
	testapp.c:1146
	testapp.c:1156
	testapp.c:1176
	testapp.c:1177
	testapp.c:1178
	testapp.c:1193
	testapp.c:1204
	testapp.c:1212
	testapp.c:1226
	testapp.c:1246
	testapp.c:1252
	testapp.c:1274
	testapp.c:2075
autoscan: warning: missing AC_TYPE_PID_T wanted by: 
	testapp.c:77
	testapp.c:546
	testapp.c:567
	testapp.c:678
	testapp.c:686
	testapp.c:2223
	testapp.c:2263
	testapp.c:2267
	testapp.c:2268
	timedrun.c:18
	timedrun.c:38
	timedrun.c:76
	memcached.c:1666
	memcached.c:4020
autoscan: warning: missing AC_TYPE_SIZE_T wanted by: 
	storage.c:242
	storage.c:278
	storage.c:385
	storage.c:395
	storage.c:481
	tls.h:10
	tls.h:12
	assoc.c:113
	assoc.c:142
	assoc.c:211
	testapp.c:43
	testapp.c:44
	testapp.c:49
	testapp.c:50
	testapp.c:52
	testapp.c:53
	testapp.c:56
	testapp.c:61
	testapp.c:66
	testapp.c:71
	testapp.c:184
	testapp.c:837
	testapp.c:858
	testapp.c:948
	testapp.c:1021
	testapp.c:1041
	testapp.c:1062
	testapp.c:1086
	testapp.c:1096
	testapp.c:1124
	testapp.c:1127
	testapp.c:1129
	testapp.c:1157
	testapp.c:1160
	testapp.c:1162
	testapp.c:1164
	testapp.c:1194
	testapp.c:1197
	testapp.c:1199
	testapp.c:1204
	testapp.c:1227
	testapp.c:1230
	testapp.c:1253
	testapp.c:1256
	testapp.c:1387
	testapp.c:1405
	testapp.c:1439
	testapp.c:1488
	testapp.c:1527
	testapp.c:1578
	testapp.c:1629
	testapp.c:1633
	testapp.c:1659
	testapp.c:1701
	testapp.c:1705
	testapp.c:1709
	testapp.c:1759
	testapp.c:1796
	testapp.c:1841
	testapp.c:1860
	testapp.c:1937
	testapp.c:2022
	testapp.c:2044
	testapp.c:2074
	testapp.c:2086
	testapp.c:2087
	testapp.c:2184
	testapp.c:2208
	testapp.c:2230
	assoc.h:3
	assoc.h:5
	slabs.c:43
	slabs.c:44
	slabs.c:52
	slabs.c:67
	slabs.c:68
	slabs.c:175
	slabs.c:193
	slabs.c:197
	slabs.c:239
	slabs.c:239
	slabs.c:293
	slabs.c:370
	slabs.c:425
	slabs.c:470
	slabs.c:480
	slabs.c:490
	slabs.c:534
	slabs.c:582
	slabs.c:694
	slabs.c:740
	slabs.c:750
	slabs.c:762
	slabs.c:773
	slabs.c:873
	slabs.c:1039
	slabs.c:1234
	fault_inject.c:13
	sizes.c:5
	memcached.h:408
	memcached.h:785
	memcached.h:786
	memcached.h:799
	memcached.h:801
	memcached.h:852
	memcached.h:892
	memcached.h:898
	memcached.h:901
	memcached.h:902
	memcached.h:903
	memcached.h:941
	memcached.h:942
	murmur3_hash.c:71
	util.h:5
	util.h:5
	util.h:22
	util.h:23
	bipbuffer.c:18
	proto_bin.c:29
	proto_bin.c:178
	proto_bin.c:260
	proto_bin.c:438
	proto_bin.c:457
	proto_bin.c:604
	proto_bin.c:1286
	items.h:14
	items.h:15
	items.h:16
	items.h:18
	items.h:74
	items.h:75
	util.c:28
	util.c:28
	util.c:30
	util.c:190
	util.c:191
	util.c:206
	util.c:210
	jenkins_hash.c:128
	jenkins_hash.c:131
	jenkins_hash.c:306
	jenkins_hash.c:309
	thread.c:451
	thread.c:734
	thread.c:745
	thread.c:758
	thread.c:766
	thread.c:827
	stats_prefix.h:25
	stats_prefix.h:28
	stats_prefix.h:31
	stats_prefix.h:44
	stats_prefix.h:57
	stats_prefix.c:37
	stats_prefix.c:40
	stats_prefix.c:89
	stats_prefix.c:103
	stats_prefix.c:114
	stats_prefix.c:130
	cache.c:19
	cache.c:19
	cache.c:156
	sasl_defs.c:54
	murmur3_hash.h:15
	restart.c:26
	restart.c:74
	restart.c:143
	restart.c:220
	restart.c:222
	restart.c:298
	crc32c.h:15
	crc32c.h:21
	slabs.h:11
	slabs.h:21
	slabs.h:26
	slabs.h:29
	slabs.h:32
	authfile.c:22
	authfile.c:24
	authfile.c:107
	authfile.c:108
	cache.h:43
	cache.h:76
	cache.h:76
	crc32c.c:51
	crc32c.c:52
	crc32c.c:84
	crc32c.c:120
	crc32c.c:160
	crc32c.c:293
	crc32c.c:373
	crc32c.c:447
	crc32c.c:487
	jenkins_hash.h:8
	hash.h:4
	items.c:215
	items.c:225
	items.c:271
	items.c:273
	items.c:297
	items.c:306
	items.c:399
	items.c:416
	items.c:422
	items.c:658
	items.c:1005
	items.c:1117
	restart.h:24
	logger.c:753
	logger.c:753
	logger.c:764
	logger.c:764
	memcached.c:69
	memcached.c:71
	memcached.c:133
	memcached.c:143
	memcached.c:443
	memcached.c:634
	memcached.c:1165
	memcached.c:1279
	memcached.c:1280
	memcached.c:1281
	memcached.c:1324
	memcached.c:1330
	memcached.c:1954
	memcached.c:2034
	memcached.c:2069
	memcached.c:2090
	memcached.c:2115
	memcached.c:4083
	memcached.c:4086
	memcached.c:4126
	memcached.c:4786
	memcached.c:4818
	memcached.c:5818
	tls.c:18
	tls.c:32
	tls.c:45
	tls.c:46
	tls.c:47
	tls.c:62
	tls.c:81
	tls.c:89
	tls.c:104
	tls.c:107
	tls.c:128
	extstore.c:101
	extstore.c:114
	fault_inject.h:1
	proto_text.c:20
	proto_text.c:206
	proto_text.c:206
	proto_text.c:208
	proto_text.c:209
	proto_text.c:252
	proto_text.c:420
	proto_text.c:465
	proto_text.c:467
	proto_text.c:664
	proto_text.c:754
	proto_text.c:763
	proto_text.c:769
	proto_text.c:770
	proto_text.c:826
	proto_text.c:968
	proto_text.c:970
	proto_text.c:1266
	proto_text.c:1268
	proto_text.c:1437
	proto_text.c:1439
	proto_text.c:1562
	proto_text.c:1564
	proto_text.c:1690
	proto_text.c:1790
	proto_text.c:1792
	proto_text.c:1886
	proto_text.c:1888
	proto_text.c:1930
	proto_text.c:1934
	proto_text.c:1980
	proto_text.c:1982
	proto_text.c:2035
	proto_text.c:2076
	proto_text.c:2109
	proto_text.c:2160
	proto_text.c:2174
	proto_text.c:2187
	proto_text.c:2244
	proto_text.c:2301
	proto_text.c:2355
	proto_text.c:2372
	proto_text.c:2414
	proto_text.c:2527
	proto_text.c:2638
autoscan: warning: missing AC_TYPE_SSIZE_T wanted by: 
	tls.h:10
	tls.h:11
	tls.h:12
	testapp.c:49
	testapp.c:50
	testapp.c:52
	testapp.c:53
	testapp.c:56
	testapp.c:61
	testapp.c:66
	testapp.c:71
	testapp.c:840
	testapp.c:862
	testapp.c:1047
	testapp.c:1068
	testapp.c:2245
	memcached.c:69
	memcached.c:70
	memcached.c:71
	memcached.c:133
	memcached.c:138
	memcached.c:143
	memcached.c:2506
	memcached.c:2584
	memcached.c:2719
	tls.c:32
	tls.c:43
	tls.c:81
autoscan: warning: missing AC_TYPE_UINT16_T wanted by: 
	storage.c:179
	testapp.c:1281
	logger.h:59
	logger.h:67
	logger.h:76
	logger.h:109
	logger.h:134
	logger.h:135
	logger.h:136
	logger.h:153
	logger.h:190
	memcached.h:184
	memcached.h:541
	memcached.h:569
	memcached.h:587
	memcached.h:666
	memcached.h:667
	memcached.h:668
	memcached.h:957
	proto_bin.c:90
	proto_bin.c:132
	proto_bin.c:132
	proto_bin.c:144
	proto_bin.c:148
	proto_bin.c:483
	proto_bin.c:886
	protocol_binary.h:155
	protocol_binary.h:158
	protocol_binary.h:174
	protocol_binary.h:177
	protocol_binary.h:444
	jenkins_hash.c:206
	itoa_ljust.c:74
	logger.c:162
	logger.c:803
	memcached.c:1231
	memcached.c:1239
	memcached.c:1260
	memcached.c:1312
	proto_text.c:2110
autoscan: warning: missing AC_TYPE_UINT32_T wanted by: 
	storage.c:137
	storage.c:138
	storage.c:138
	storage.c:174
	storage.c:248
	storage.c:405
	storage.c:405
	storage.c:482
	storage.c:690
	storage.c:771
	storage.c:788
	storage.c:788
	storage.c:887
	assoc.c:31
	assoc.c:113
	assoc.c:142
	assoc.c:192
	assoc.c:211
	testapp.c:100
	testapp.c:154
	testapp.c:167
	testapp.c:222
	testapp.c:242
	testapp.c:262
	testapp.c:437
	testapp.c:903
	testapp.c:1130
	testapp.c:1131
	testapp.c:1204
	testapp.c:1231
	testapp.c:1259
	testapp.c:1628
	testapp.c:1700
	assoc.h:3
	assoc.h:4
	assoc.h:5
	slabs.c:293
	slabs.c:650
	slabs.c:944
	slabs.c:1197
	slabs.c:1198
	slabs.c:1199
	slabs.c:1200
	slabs.c:1201
	logger.h:66
	logger.h:75
	itoa_ljust.h:23
	memcached.h:135
	memcached.h:140
	memcached.h:167
	memcached.h:185
	memcached.h:451
	memcached.h:458
	memcached.h:572
	memcached.h:596
	memcached.h:606
	memcached.h:819
	memcached.h:820
	memcached.h:821
	memcached.h:822
	memcached.h:823
	memcached.h:824
	memcached.h:825
	memcached.h:854
	memcached.h:856
	memcached.h:902
	memcached.h:903
	memcached.h:906
	memcached.h:909
	memcached.h:910
	memcached.h:912
	memcached.h:941
	memcached.h:942
	memcached.h:958
	murmur3_hash.c:33
	murmur3_hash.c:33
	murmur3_hash.c:48
	murmur3_hash.c:48
	murmur3_hash.c:56
	murmur3_hash.c:56
	murmur3_hash.c:71
	murmur3_hash.c:76
	murmur3_hash.c:78
	murmur3_hash.c:79
	murmur3_hash.c:84
	murmur3_hash.c:84
	murmur3_hash.c:88
	murmur3_hash.c:104
	util.h:19
	crawler.c:36
	crawler.c:60
	crawler.c:71
	crawler.c:182
	crawler.c:238
	crawler.c:453
	crawler.c:582
	crawler.c:582
	crawler.c:583
	crawler.c:635
	crawler.c:719
	proto_bin.c:132
	proto_bin.c:484
	proto_bin.c:887
	proto_bin.c:1283
	protocol_binary.h:159
	protocol_binary.h:160
	protocol_binary.h:178
	protocol_binary.h:179
	protocol_binary.h:223
	protocol_binary.h:255
	protocol_binary.h:275
	protocol_binary.h:276
	protocol_binary.h:315
	protocol_binary.h:396
	protocol_binary.h:414
	protocol_binary.h:447
	items.h:20
	items.h:21
	items.h:22
	items.h:26
	items.h:30
	items.h:44
	items.h:70
	items.h:74
	items.h:75
	items.h:75
	items.h:76
	util.c:121
	jenkins_hash.c:126
	jenkins_hash.c:130
	jenkins_hash.c:134
	jenkins_hash.c:138
	jenkins_hash.c:189
	jenkins_hash.c:190
	jenkins_hash.c:193
	jenkins_hash.c:194
	jenkins_hash.c:197
	jenkins_hash.c:198
	jenkins_hash.c:212
	jenkins_hash.c:213
	jenkins_hash.c:214
	jenkins_hash.c:224
	jenkins_hash.c:225
	jenkins_hash.c:226
	jenkins_hash.c:228
	jenkins_hash.c:230
	jenkins_hash.c:231
	jenkins_hash.c:234
	jenkins_hash.c:235
	jenkins_hash.c:237
	jenkins_hash.c:239
	jenkins_hash.c:242
	jenkins_hash.c:244
	jenkins_hash.c:259
	jenkins_hash.c:260
	jenkins_hash.c:261
	jenkins_hash.c:263
	jenkins_hash.c:264
	jenkins_hash.c:265
	jenkins_hash.c:267
	jenkins_hash.c:268
	jenkins_hash.c:269
	jenkins_hash.c:278
	jenkins_hash.c:279
	jenkins_hash.c:280
	jenkins_hash.c:282
	jenkins_hash.c:283
	jenkins_hash.c:284
	jenkins_hash.c:286
	jenkins_hash.c:287
	jenkins_hash.c:288
	jenkins_hash.c:306
	jenkins_hash.c:308
	jenkins_hash.c:312
	jenkins_hash.c:316
	jenkins_hash.c:367
	jenkins_hash.c:368
	jenkins_hash.c:369
	jenkins_hash.c:371
	jenkins_hash.c:372
	jenkins_hash.c:373
	jenkins_hash.c:375
	jenkins_hash.c:376
	jenkins_hash.c:377
	jenkins_hash.c:389
	jenkins_hash.c:390
	jenkins_hash.c:391
	jenkins_hash.c:392
	jenkins_hash.c:393
	jenkins_hash.c:394
	jenkins_hash.c:395
	jenkins_hash.c:396
	jenkins_hash.c:397
	jenkins_hash.c:398
	jenkins_hash.c:399
	jenkins_hash.c:400
	jenkins_hash.c:410
	jenkins_hash.c:411
	jenkins_hash.c:412
	jenkins_hash.c:414
	jenkins_hash.c:415
	jenkins_hash.c:416
	jenkins_hash.c:418
	jenkins_hash.c:419
	jenkins_hash.c:420
	thread.c:73
	thread.c:102
	thread.c:106
	thread.c:118
	thread.c:747
	thread.c:758
	thread.c:766
	thread.c:768
	thread.c:781
	thread.c:795
	thread.c:808
	thread.c:816
	thread.c:831
	thread.c:845
	stats_prefix.c:39
	slab_automove_extstore.c:27
	slab_automove_extstore.c:28
	slab_automove_extstore.c:35
	slab_automove_extstore.c:36
	slab_automove_extstore.c:37
	slab_automove_extstore.c:50
	slab_automove_extstore.c:88
	slab_automove_extstore.c:101
	slab_automove_extstore.c:111
	murmur3_hash.h:15
	crc32c.h:15
	crc32c.h:21
	crc32c.h:21
	slabs.h:11
	itoa_ljust.c:83
	itoa_ljust.c:92
	itoa_ljust.c:109
	itoa_ljust.c:120
	itoa_ljust.c:131
	itoa_ljust.c:131
	slab_automove.c:25
	slab_automove.c:26
	slab_automove.c:35
	slab_automove.c:61
	crawler.h:37
	crc32c.c:51
	crc32c.c:51
	crc32c.c:52
	crc32c.c:52
	crc32c.c:61
	crc32c.c:61
	crc32c.c:61
	crc32c.c:62
	crc32c.c:74
	crc32c.c:74
	crc32c.c:84
	crc32c.c:85
	crc32c.c:89
	crc32c.c:120
	crc32c.c:121
	crc32c.c:133
	crc32c.c:133
	crc32c.c:133
	crc32c.c:150
	crc32c.c:151
	crc32c.c:160
	crc32c.c:160
	crc32c.c:254
	crc32c.c:279
	crc32c.c:279
	crc32c.c:286
	crc32c.c:286
	crc32c.c:293
	crc32c.c:293
	crc32c.c:348
	crc32c.c:351
	crc32c.c:363
	crc32c.c:373
	crc32c.c:373
	crc32c.c:420
	crc32c.c:424
	crc32c.c:436
	crc32c.c:447
	crc32c.c:447
	crc32c.c:487
	crc32c.c:487
	jenkins_hash.h:8
	items.c:98
	items.c:107
	items.c:189
	items.c:435
	items.c:534
	items.c:556
	items.c:572
	items.c:627
	items.c:1005
	items.c:1090
	items.c:1117
	items.c:1118
	items.c:1162
	items.c:1339
	restart.h:10
	memcached.c:1232
	memcached.c:1235
	memcached.c:1261
	memcached.c:1264
	memcached.c:1313
	memcached.c:1474
	memcached.c:1482
	memcached.c:2069
	memcached.c:2090
	memcached.c:2118
	memcached.c:2192
	memcached.c:2625
	memcached.c:4162
	memcached.c:4164
	memcached.c:4166
	memcached.c:4206
	memcached.c:4335
	memcached.c:4512
	memcached.c:4513
	proto_text.c:258
	proto_text.c:447
	proto_text.c:820
	proto_text.c:974
	proto_text.c:1109
	proto_text.c:1274
	proto_text.c:1443
	proto_text.c:1577
	proto_text.c:1812
	proto_text.c:1984
	proto_text.c:2042
	proto_text.c:2091
	proto_text.c:2161
	proto_text.c:2188
	proto_text.c:2189
	proto_text.c:2484
	proto_text.c:2493
autoscan: warning: missing AC_TYPE_UINT64_T wanted by: 
	storage.c:690
	storage.c:691
	storage.c:695
	storage.c:696
	storage.c:697
	storage.c:771
	storage.c:771
	storage.c:772
	storage.c:884
	storage.c:885
	storage.c:886
	storage.c:1025
	assoc.c:182
	testapp.c:107
	testapp.c:110
	testapp.c:117
	testapp.c:117
	testapp.c:120
	testapp.c:121
	testapp.c:135
	testapp.c:135
	testapp.c:138
	testapp.c:461
	testapp.c:1257
	testapp.c:1258
	testapp.c:1438
	testapp.c:1482
	testapp.c:1521
	testapp.c:2077
	assoc.h:9
	logger.h:110
	logger.h:131
	logger.h:132
	logger.h:133
	logger.h:150
	logger.h:159
	logger.h:160
	logger.h:161
	logger.h:162
	logger.h:193
	logger.h:194
	itoa_ljust.h:25
	sizes.c:18
	memcached.h:120
	memcached.h:129
	memcached.h:132
	memcached.h:136
	memcached.h:141
	memcached.h:340
	memcached.h:341
	memcached.h:342
	memcached.h:343
	memcached.h:350
	memcached.h:351
	memcached.h:352
	memcached.h:353
	memcached.h:354
	memcached.h:355
	memcached.h:356
	memcached.h:357
	memcached.h:358
	memcached.h:359
	memcached.h:360
	memcached.h:361
	memcached.h:362
	memcached.h:363
	memcached.h:364
	memcached.h:365
	memcached.h:366
	memcached.h:367
	memcached.h:368
	memcached.h:370
	memcached.h:371
	memcached.h:372
	memcached.h:375
	memcached.h:376
	memcached.h:379
	memcached.h:380
	memcached.h:388
	memcached.h:389
	memcached.h:390
	memcached.h:391
	memcached.h:415
	memcached.h:547
	memcached.h:573
	memcached.h:574
	memcached.h:575
	memcached.h:597
	memcached.h:607
	memcached.h:792
	memcached.h:854
	memcached.h:894
	util.h:16
	util.h:17
	util.h:26
	util.h:26
	util.h:27
	util.h:27
	proto_bin.c:263
	proto_bin.c:385
	proto_bin.c:1305
	protocol_binary.h:161
	protocol_binary.h:180
	protocol_binary.h:313
	protocol_binary.h:314
	protocol_binary.h:331
	items.h:10
	items.h:11
	items.h:48
	items.h:54
	items.h:55
	items.h:55
	util.c:49
	util.c:79
	util.c:240
	util.c:240
	util.c:257
	util.c:257
	util.c:261
	util.c:261
	thread.c:829
	thread.c:878
	stats_prefix.h:45
	stats_prefix.h:46
	stats_prefix.h:47
	stats_prefix.h:48
	slab_automove_extstore.c:19
	slab_automove_extstore.c:20
	slab_automove_extstore.c:21
	slab_automove_extstore.c:168
	slab_automove_extstore.c:170
	slab_automove_extstore.c:224
	cache.c:13
	cache.c:56
	cache.c:110
	cache.c:136
	restart.c:356
	itoa_ljust.c:128
	itoa_ljust.c:134
	itoa_ljust.c:143
	slab_automove.c:17
	slab_automove.c:18
	slab_automove.c:20
	slab_automove.c:79
	slab_automove.c:81
	slab_automove.c:90
	slab_automove.c:107
	slab_automove.c:126
	crawler.h:7
	crawler.h:8
	crawler.h:9
	crawler.h:10
	crawler.h:11
	crc32c.c:166
	crc32c.c:184
	crc32c.c:185
	crc32c.c:204
	crc32c.c:205
	crc32c.c:279
	crc32c.c:304
	crc32c.c:304
	crc32c.c:318
	crc32c.c:333
	crc32c.c:383
	crc32c.c:385
	crc32c.c:411
	crc32c.c:411
	crc32c.c:421
	crc32c.c:457
	crc32c.c:459
	extstore.h:8
	extstore.h:9
	extstore.h:21
	extstore.h:22
	extstore.h:23
	extstore.h:24
	extstore.h:25
	extstore.h:26
	extstore.h:27
	extstore.h:28
	extstore.h:29
	extstore.h:30
	extstore.h:31
	extstore.h:32
	extstore.h:33
	extstore.h:34
	extstore.h:35
	extstore.h:36
	extstore.h:37
	extstore.h:59
	extstore.h:112
	extstore.h:113
	extstore.h:120
	items.c:32
	items.c:33
	items.c:34
	items.c:35
	items.c:36
	items.c:37
	items.c:38
	items.c:39
	items.c:40
	items.c:41
	items.c:42
	items.c:43
	items.c:44
	items.c:45
	items.c:46
	items.c:47
	items.c:48
	items.c:49
	items.c:50
	items.c:51
	items.c:59
	items.c:61
	items.c:63
	items.c:81
	items.c:82
	items.c:82
	items.c:93
	items.c:108
	items.c:162
	items.c:164
	items.c:169
	items.c:177
	items.c:178
	items.c:308
	items.c:326
	items.c:425
	items.c:1131
	items.c:1144
	items.c:1403
	items.c:1404
	items.c:1427
	items.c:1519
	items.c:1520
	items.c:1524
	restart.h:8
	logger.c:91
	logger.c:92
	logger.c:99
	logger.c:105
	memcached.c:1490
	memcached.c:1491
	memcached.c:2117
	memcached.c:2121
	memcached.c:2415
	memcached.c:4202
	memcached.c:4205
	memcached.c:4337
	memcached.c:5725
	extstore.c:58
	extstore.c:59
	extstore.c:60
	extstore.c:150
	extstore.c:254
	extstore.c:645
	extstore.c:680
	extstore.c:693
	extstore.c:915
	proto_text.c:77
	proto_text.c:821
	proto_text.c:822
	proto_text.c:823
	proto_text.c:1440
	proto_text.c:1797
	proto_text.c:1932
autoscan: warning: missing AC_TYPE_UINT8_T wanted by: 
	storage.c:175
	storage.c:410
	testapp.c:1026
	testapp.c:1027
	testapp.c:1108
	testapp.c:1109
	testapp.c:1125
	testapp.c:1158
	testapp.c:1195
	testapp.c:1204
	testapp.c:1228
	testapp.c:1254
	testapp.c:1281
	testapp.c:1399
	testapp.c:1432
	testapp.c:1481
	testapp.c:1520
	testapp.c:1572
	testapp.c:1621
	testapp.c:1692
	testapp.c:1752
	testapp.c:1789
	testapp.c:1853
	testapp.c:1929
	testapp.c:2037
	testapp.c:2085
	testapp.c:2085
	slabs.c:855
	slabs.c:855
	logger.h:68
	logger.h:69
	logger.h:77
	logger.h:78
	logger.h:79
	logger.h:84
	logger.h:85
	logger.h:86
	logger.h:95
	logger.h:96
	logger.h:108
	memcached.h:542
	memcached.h:543
	memcached.h:570
	memcached.h:571
	memcached.h:588
	memcached.h:589
	memcached.h:657
	memcached.h:658
	memcached.h:677
	memcached.h:678
	memcached.h:826
	memcached.h:827
	murmur3_hash.c:73
	murmur3_hash.c:73
	murmur3_hash.c:102
	murmur3_hash.c:102
	crawler.c:635
	crawler.c:721
	crawler.c:725
	proto_bin.c:89
	proto_bin.c:132
	proto_bin.c:142
	proto_bin.c:146
	proto_bin.c:147
	proto_bin.c:885
	protocol_binary.h:153
	protocol_binary.h:154
	protocol_binary.h:156
	protocol_binary.h:157
	protocol_binary.h:163
	protocol_binary.h:172
	protocol_binary.h:173
	protocol_binary.h:175
	protocol_binary.h:176
	protocol_binary.h:182
	protocol_binary.h:192
	protocol_binary.h:202
	protocol_binary.h:226
	protocol_binary.h:258
	protocol_binary.h:279
	protocol_binary.h:318
	protocol_binary.h:334
	protocol_binary.h:399
	protocol_binary.h:417
	protocol_binary.h:445
	protocol_binary.h:446
	protocol_binary.h:450
	items.h:48
	jenkins_hash.c:140
	jenkins_hash.c:185
	jenkins_hash.c:207
	jenkins_hash.c:221
	jenkins_hash.c:253
	jenkins_hash.c:318
	jenkins_hash.c:363
	jenkins_hash.c:384
	crawler.h:37
	crc32c.c:286
	crc32c.c:298
	crc32c.c:324
	items.c:215
	items.c:216
	items.c:299
	items.c:418
	items.c:1131
	items.c:1505
	items.c:1506
	logger.c:647
	logger.c:665
	logger.c:676
	logger.c:754
	logger.c:766
	memcached.c:1237
	memcached.c:1240
	proto_text.c:830
	proto_text.c:833
	proto_text.c:833
